{"someKey":"some-value","level":"info","message":"Log Service Created"}
{"level":"info","message":"[Ethereum] Deposit Found"}
{"someKey":"some-value","level":"info","message":"Log Service Created"}
{"level":"info","message":"[Ethereum] Deposit Found"}
{"someKey":"some-value","level":"info","message":"Log Service Created"}
{"level":"info","message":"[Ethereum] Deposit Found"}
{"tokenId":1,"to":1,"amount":1,"level":"info","message":"Withdraw"}
{"someKey":"some-value","level":"info","message":"Log Service Created"}
{"level":"info","message":"[Ethereum] Deposit Found"}
{"tokenId":1,"to":1,"amount":1,"level":"info","message":"Withdraw"}
{"someKey":"some-value","level":"info","message":"Log Service Created"}
{"level":"info","message":"[Ethereum] Deposit Found"}
{"tokenId":1,"to":1,"amount":1,"level":"info","message":"Withdraw"}
{"someKey":"some-value","level":"info","message":"Log Service Created"}
{"level":"info","message":"[Ethereum] Deposit Found"}
{"tokenId":1,"to":1,"amount":1,"level":"info","message":"Withdraw"}
{"someKey":"some-value","level":"info","message":"Log Service Created"}
{"level":"info","message":"[Ethereum] Deposit Found"}
{"tokenId":1,"to":1,"amount":1,"level":"info","message":"Withdraw"}
{"someKey":"some-value","level":"info","message":"Log Service Created"}
{"level":"info","message":"[Ethereum] Deposit Found"}
{"tokenId":1,"to":1,"amount":1,"level":"info","message":"Withdraw"}
{"someKey":"some-value","level":"info","message":"Log Service Created"}
{"level":"info","message":"[Ethereum] Deposit Found"}
{"tokenId":1,"to":1,"amount":1,"level":"info","message":"Withdraw"}
{"someKey":"some-value","level":"info","message":"Log Service Created"}
{"level":"info","message":"[Ethereum] Deposit Found"}
{"tokenId":1,"to":1,"amount":1,"level":"info","message":"Withdraw"}
{"someKey":"some-value","level":"info","message":"Log Service Created"}
{"level":"info","message":"[Ethereum] Deposit Found"}
{"tokenId":1,"to":1,"amount":1,"level":"info","message":"Withdraw"}
{"someKey":"some-value","level":"info","message":"Log Service Created"}
{"level":"info","message":"[Ethereum] Deposit Found"}
{"tokenId":1,"to":1,"amount":1,"level":"info","message":"Withdraw"}
{"someKey":"some-value","level":"info","message":"Log Service Created"}
{"level":"info","message":"[Ethereum] Deposit Found"}
{"tokenId":1,"to":1,"amount":1,"level":"info","message":"Withdraw"}
{"someKey":"some-value","level":"info","message":"Log Service Created"}
{"level":"info","message":"[Ethereum] Deposit Found"}
{"tokenId":1,"to":1,"amount":1,"level":"info","message":"Withdraw"}
{"someKey":"some-value","level":"info","message":"Log Service Created"}
{"level":"info","message":"[Ethereum] Deposit Found"}
{"tokenId":1,"to":1,"amount":1,"level":"info","message":"Withdraw"}
{"someKey":"some-value","level":"info","message":"Log Service Created"}
{"level":"info","message":"[Ethereum] Deposit Found"}
{"tokenId":1,"to":1,"amount":1,"level":"info","message":"Withdraw"}
{"someKey":"some-value","level":"info","message":"Log Service Created"}
{"level":"info","message":"[Ethereum] Deposit Found"}
{"someKey":"some-value","level":"info","message":"Log Service Created"}
{"level":"info","message":"[Ethereum] Deposit Found"}
{"someKey":"some-value","level":"info","message":"Log Service Created"}
{"level":"info","message":"[Ethereum] Deposit Found"}
{"tokenId":1,"to":1,"amount":1,"level":"info","message":"Withdraw"}
{"someKey":"some-value","level":"info","message":"Log Service Created"}
{"level":"info","message":"[Ethereum] Deposit Found"}
{"someKey":"some-value","level":"info","message":"Log Service Created"}
{"someKey":"some-value","level":"info","message":"Log Service Created"}
{"someKey":"some-value","level":"info","message":"Log Service Created"}
{"level":"info","message":"[Ethereum] Deposit"}
{"level":"info","message":"[Ethereum] Deposit"}
{"level":"info","message":"[Ethereum] Deposit"}
{"someKey":"some-value","level":"info","message":"Log Service Created"}
{"level":"info","message":"[Ethereum] Deposit"}
{"level":"info","message":"[Ethereum] Deposit"}
{"level":"info","message":"[Ethereum] Deposit"}
{"someKey":"some-value","level":"info","message":"Log Service Created"}
{"level":"info","message":"[Ethereum] Deposit"}
{"level":"info","message":"[Ethereum] Deposit"}
{"level":"info","message":"[Ethereum] Deposit"}
{"someKey":"some-value","level":"info","message":"Log Service Created"}
{"level":"info","message":"[Ethereum] Deposit"}
{"level":"info","message":"[Ethereum] Deposit"}
{"level":"info","message":"[Ethereum] Deposit"}
{"someKey":"some-value","level":"info","message":"Log Service Created"}
{"level":"info","message":"[Ethereum] Deposit"}
{"someKey":"some-value","level":"info","message":"Log Service Created"}
{"someKey":"some-value","level":"info","message":"Log Service Created"}
{"level":"info","message":"[Ethereum] Deposit"}
{"someKey":"some-value","level":"info","message":"Log Service Created"}
{"level":"info","message":"[Ethereum] Deposit"}
{"someKey":"some-value","level":"info","message":"Log Service Created"}
{"level":"info","message":"[Ethereum] Deposit"}
{"level":"info","message":"Deposit"}
{"level":"info","message":"[Ethereum] Deposit"}
{"level":"info","message":"Deposit"}
{"level":"info","message":"[Ethereum] Deposit"}
{"level":"info","message":"Deposit"}
{"someKey":"some-value","level":"info","message":"Log Service Created"}
{"level":"info","message":"[Ethereum] Deposit"}
{"level":"info","message":"Deposit"}
{"level":"info","message":"[Ethereum] Deposit"}
{"level":"info","message":"Deposit"}
{"level":"info","message":"[Ethereum] Deposit"}
{"level":"info","message":"Deposit"}
{"level":"info","message":"[Ethereum] Deposit"}
{"level":"info","message":"Deposit"}
